<?xml version="1.0" encoding="UTF-8"?>
<!-- Generated by org.testng.reporters.JUnitReportReporter -->
<testsuite hostname="LAPTOP-HM7T868C" failures="0" tests="7" name="com.mavenproject.Amazon1.AmazonTestNG" time="152.963" errors="1" timestamp="2023-01-24T12:33:28 IST" skipped="0">
  <testcase classname="com.mavenproject.Amazon1.AmazonTestNG" name="dropSelect" time="14.293"/>
  <system-out/>
  <testcase classname="com.mavenproject.Amazon1.AmazonTestNG" name="searchBox" time="13.450"/>
  <system-out/>
  <testcase classname="com.mavenproject.Amazon1.AmazonTestNG" name="firstProductSelect" time="3.534"/>
  <system-out/>
  <testcase classname="com.mavenproject.Amazon1.AmazonTestNG" name="switchToWindow_FirstProduct" time="12.179"/>
  <system-out/>
  <testcase classname="com.mavenproject.Amazon1.AmazonTestNG" name="compareFirst_Product_Price" time="0.200"/>
  <system-out/>
  <testcase classname="com.mavenproject.Amazon1.AmazonTestNG" name="compareFirst_Product_Title" time="94.768"/>
  <system-out/>
  <testcase classname="com.mavenproject.Amazon1.AmazonTestNG" name="addToCard" time="14.539">
    <error message="The filename, directory name, or volume label syntax is incorrect" type="java.io.IOException">
      <![CDATA[java.io.IOException: The filename, directory name, or volume label syntax is incorrect
at java.base/java.io.WinNTFileSystem.canonicalize0(Native Method)
at java.base/java.io.WinNTFileSystem.canonicalize(WinNTFileSystem.java:462)
at java.base/java.io.File.getCanonicalPath(File.java:626)
at org.apache.commons.io.FileUtils.requireCanonicalPathsNotEquals(FileUtils.java:2601)
at org.apache.commons.io.FileUtils.copyFile(FileUtils.java:842)
at org.apache.commons.io.FileUtils.copyFile(FileUtils.java:756)
at com.mavenproject.Amazon1.Base_Class.takeScreenshot(Base_Class.java:422)
at com.mavenproject.Amazon1.AmazonTestNG.addToCard(AmazonTestNG.java:207)
at java.base/jdk.internal.reflect.NativeMethodAccessorImpl.invoke0(Native Method)
at java.base/jdk.internal.reflect.NativeMethodAccessorImpl.invoke(NativeMethodAccessorImpl.java:77)
at java.base/jdk.internal.reflect.DelegatingMethodAccessorImpl.invoke(DelegatingMethodAccessorImpl.java:43)
at java.base/java.lang.reflect.Method.invoke(Method.java:568)
at org.testng.internal.MethodInvocationHelper.invokeMethod(MethodInvocationHelper.java:133)
at org.testng.internal.TestInvoker.invokeMethod(TestInvoker.java:598)
at org.testng.internal.TestInvoker.invokeTestMethod(TestInvoker.java:173)
at org.testng.internal.MethodRunner.runInSequence(MethodRunner.java:46)
at org.testng.internal.TestInvoker$MethodInvocationAgent.invoke(TestInvoker.java:824)
at org.testng.internal.TestInvoker.invokeTestMethods(TestInvoker.java:146)
at org.testng.internal.TestMethodWorker.invokeTestMethods(TestMethodWorker.java:146)
at org.testng.internal.TestMethodWorker.run(TestMethodWorker.java:128)
at java.base/java.util.ArrayList.forEach(ArrayList.java:1511)
at org.testng.TestRunner.privateRun(TestRunner.java:794)
at org.testng.TestRunner.run(TestRunner.java:596)
at org.testng.SuiteRunner.runTest(SuiteRunner.java:377)
at org.testng.SuiteRunner.runSequentially(SuiteRunner.java:371)
at org.testng.SuiteRunner.privateRun(SuiteRunner.java:332)
at org.testng.SuiteRunner.run(SuiteRunner.java:276)
at org.testng.SuiteRunnerWorker.runSuite(SuiteRunnerWorker.java:53)
at org.testng.SuiteRunnerWorker.run(SuiteRunnerWorker.java:96)
at org.testng.TestNG.runSuitesSequentially(TestNG.java:1212)
at org.testng.TestNG.runSuitesLocally(TestNG.java:1134)
at org.testng.TestNG.runSuites(TestNG.java:1063)
at org.testng.TestNG.run(TestNG.java:1031)
at org.testng.remote.AbstractRemoteTestNG.run(AbstractRemoteTestNG.java:115)
at org.testng.remote.RemoteTestNG.initAndRun(RemoteTestNG.java:251)
at org.testng.remote.RemoteTestNG.main(RemoteTestNG.java:77)
]]>
    </error>
  </testcase> <!-- addToCard -->
  <system-out/>
</testsuite> <!-- com.mavenproject.Amazon1.AmazonTestNG -->
